<?xml version="1.0" encoding="UTF-8"?>
<!-- Generated by org.testng.reporters.JUnitReportReporter -->
<testsuite name="com.crm.vtiger.opportunity.TestCases.TC_19_CreateOpportunityWithSalesStageNavigationOrReview_Test" tests="2" time="91.297" ignored="0" failures="0" timestamp="05 May 2021 21:30:34 GMT" skipped="0" hostname="LAPTOP-J97AL63E" errors="0">
  <testcase name="createOpportunity_04" time="45.071" classname="com.crm.vtiger.opportunity.TestCases.TC_19_CreateOpportunityWithSalesStageNavigationOrReview_Test"/>
  <testcase name="A_createOrganization" time="46.226" classname="com.crm.vtiger.opportunity.TestCases.TC_19_CreateOpportunityWithSalesStageNavigationOrReview_Test"/>
</testsuite> <!-- com.crm.vtiger.opportunity.TestCases.TC_19_CreateOpportunityWithSalesStageNavigationOrReview_Test -->
