<?xml version="1.0" encoding="UTF-8"?>
<!-- Generated by org.testng.reporters.JUnitReportReporter -->
<testsuite name="com.crm.vtiger.opportunity.TestCases.TC_18_CreateOpportunityWithSalesStageProposalOrPriceQuote" tests="1" time="47.249" ignored="0" failures="0" timestamp="03 May 2021 20:20:37 GMT" skipped="0" hostname="LAPTOP-J97AL63E" errors="0">
  <testcase name="createOpportunity_03" time="47.249" classname="com.crm.vtiger.opportunity.TestCases.TC_18_CreateOpportunityWithSalesStageProposalOrPriceQuote"/>
</testsuite> <!-- com.crm.vtiger.opportunity.TestCases.TC_18_CreateOpportunityWithSalesStageProposalOrPriceQuote -->
