<?xml version="1.0" encoding="UTF-8"?>
<!-- Generated by org.testng.reporters.JUnitReportReporter -->
<testsuite name="com.crm.vtiger.TestCases.TC_18_CreateOpportunityWithSalesStageProposalOrPriceQuote" tests="1" time="49.245" ignored="0" failures="0" timestamp="02 May 2021 13:12:03 GMT" skipped="0" hostname="LAPTOP-J97AL63E" errors="0">
  <testcase name="createOpportunity_03" time="49.245" classname="com.crm.vtiger.TestCases.TC_18_CreateOpportunityWithSalesStageProposalOrPriceQuote"/>
</testsuite> <!-- com.crm.vtiger.TestCases.TC_18_CreateOpportunityWithSalesStageProposalOrPriceQuote -->
