<?xml version="1.0" encoding="UTF-8"?>
<!-- Generated by org.testng.reporters.JUnitReportReporter -->
<testsuite name="com.crm.vtiger.TestCases.TC_20_CreateOpportunityWithSalesStageClosedWon" tests="1" time="47.206" ignored="0" failures="0" timestamp="02 May 2021 13:17:16 GMT" skipped="0" hostname="LAPTOP-J97AL63E" errors="0">
  <testcase name="createOpportunity_05" time="47.206" classname="com.crm.vtiger.TestCases.TC_20_CreateOpportunityWithSalesStageClosedWon"/>
</testsuite> <!-- com.crm.vtiger.TestCases.TC_20_CreateOpportunityWithSalesStageClosedWon -->
