<?xml version="1.0" encoding="UTF-8"?>
<!-- Generated by org.testng.reporters.JUnitReportReporter -->
<testsuite name="com.crm.vtiger.opportunity.TestCases.TC_17_CreateOpportunityWithSalesStagePerceptionAnalysis_Test" tests="2" time="0.000" ignored="16" failures="0" timestamp="04 May 2021 08:57:42 GMT" skipped="2" hostname="LAPTOP-J97AL63E" errors="0">
  <testcase name="createOpportunity_02" time="0.000" classname="com.crm.vtiger.opportunity.TestCases.TC_17_CreateOpportunityWithSalesStagePerceptionAnalysis_Test">
    <skipped/>
  </testcase> <!-- createOpportunity_02 -->
  <testcase name="tc_A_createOrganization" time="0.000" classname="com.crm.vtiger.opportunity.TestCases.TC_17_CreateOpportunityWithSalesStagePerceptionAnalysis_Test">
    <skipped/>
  </testcase> <!-- tc_A_createOrganization -->
  <testcase name="configAfterSuite" classname="com.crm.vtiger.generics.BaseClass">
    <skipped/>
  </testcase> <!-- configAfterSuite -->
  <testcase name="configAfterSuite" classname="com.crm.vtiger.generics.BaseClass">
    <skipped/>
  </testcase> <!-- configAfterSuite -->
  <testcase name="configAfterSuite" classname="com.crm.vtiger.generics.BaseClass">
    <skipped/>
  </testcase> <!-- configAfterSuite -->
  <testcase name="configAfterSuite" classname="com.crm.vtiger.generics.BaseClass">
    <skipped/>
  </testcase> <!-- configAfterSuite -->
  <testcase name="configBeforTest" classname="com.crm.vtiger.generics.BaseClass">
    <skipped/>
  </testcase> <!-- configBeforTest -->
  <testcase name="configBeforTest" classname="com.crm.vtiger.generics.BaseClass">
    <skipped/>
  </testcase> <!-- configBeforTest -->
  <testcase name="configBeforTest" classname="com.crm.vtiger.generics.BaseClass">
    <skipped/>
  </testcase> <!-- configBeforTest -->
  <testcase name="configBeforTest" classname="com.crm.vtiger.generics.BaseClass">
    <skipped/>
  </testcase> <!-- configBeforTest -->
  <testcase name="configAfterTest" classname="com.crm.vtiger.generics.BaseClass">
    <skipped/>
  </testcase> <!-- configAfterTest -->
  <testcase name="configAfterTest" classname="com.crm.vtiger.generics.BaseClass">
    <skipped/>
  </testcase> <!-- configAfterTest -->
  <testcase name="configAfterTest" classname="com.crm.vtiger.generics.BaseClass">
    <skipped/>
  </testcase> <!-- configAfterTest -->
  <testcase name="configAfterTest" classname="com.crm.vtiger.generics.BaseClass">
    <skipped/>
  </testcase> <!-- configAfterTest -->
  <testcase name="configBeforSuite" classname="com.crm.vtiger.generics.BaseClass">
    <skipped/>
  </testcase> <!-- configBeforSuite -->
  <testcase name="configBeforSuite" classname="com.crm.vtiger.generics.BaseClass">
    <skipped/>
  </testcase> <!-- configBeforSuite -->
  <testcase name="configBeforSuite" classname="com.crm.vtiger.generics.BaseClass">
    <skipped/>
  </testcase> <!-- configBeforSuite -->
  <testcase name="configBeforSuite" classname="com.crm.vtiger.generics.BaseClass">
    <skipped/>
  </testcase> <!-- configBeforSuite -->
</testsuite> <!-- com.crm.vtiger.opportunity.TestCases.TC_17_CreateOpportunityWithSalesStagePerceptionAnalysis_Test -->
