<?xml version="1.0" encoding="UTF-8"?>
<!-- Generated by org.testng.reporters.JUnitReportReporter -->
<testsuite name="com.crm.vtiger.TestCases.TC_17_CreateOpportunityWithSalesStagePerceptionAnalysis" tests="1" time="53.617" ignored="0" failures="0" timestamp="02 May 2021 13:08:28 GMT" skipped="0" hostname="LAPTOP-J97AL63E" errors="0">
  <testcase name="createOpportunity_02" time="53.617" classname="com.crm.vtiger.TestCases.TC_17_CreateOpportunityWithSalesStagePerceptionAnalysis"/>
</testsuite> <!-- com.crm.vtiger.TestCases.TC_17_CreateOpportunityWithSalesStagePerceptionAnalysis -->
