<?xml version="1.0" encoding="UTF-8"?>
<!-- Generated by org.testng.reporters.JUnitReportReporter -->
<testsuite name="com.crm.vtiger.TestCases.Demo" tests="1" time="0.172" ignored="0" failures="0" timestamp="02 May 2021 06:44:06 GMT" skipped="0" hostname="LAPTOP-J97AL63E" errors="0">
  <testcase name="getData" time="0.172" classname="com.crm.vtiger.TestCases.Demo"/>
</testsuite> <!-- com.crm.vtiger.TestCases.Demo -->
