<?xml version="1.0" encoding="UTF-8"?>
<!-- Generated by org.testng.reporters.JUnitReportReporter -->
<testsuite name="com.crm.vtiger.opportunity.TestCases.TC_20_CreateOpportunityWithSalesStageClosedWon_Test" tests="2" time="80.439" ignored="0" failures="0" timestamp="05 May 2021 21:34:17 GMT" skipped="0" hostname="LAPTOP-J97AL63E" errors="0">
  <testcase name="A_createOrganization" time="40.020" classname="com.crm.vtiger.opportunity.TestCases.TC_20_CreateOpportunityWithSalesStageClosedWon_Test"/>
  <testcase name="createOpportunity_05" time="40.419" classname="com.crm.vtiger.opportunity.TestCases.TC_20_CreateOpportunityWithSalesStageClosedWon_Test"/>
</testsuite> <!-- com.crm.vtiger.opportunity.TestCases.TC_20_CreateOpportunityWithSalesStageClosedWon_Test -->
