<?xml version="1.0" encoding="UTF-8"?>
<!-- Generated by org.testng.reporters.JUnitReportReporter -->
<testsuite name="com.crm.vtiger.opportunity.TestCases.TC_18_CreateOpportunityWithSalesStageProposalOrPriceQuote_Test" tests="2" time="209.369" ignored="0" failures="0" timestamp="06 May 2021 05:19:42 GMT" skipped="0" hostname="LAPTOP-J97AL63E" errors="0">
  <testcase name="A_createOrganization" time="161.150" classname="com.crm.vtiger.opportunity.TestCases.TC_18_CreateOpportunityWithSalesStageProposalOrPriceQuote_Test"/>
  <testcase name="createOpportunity_03" time="48.219" classname="com.crm.vtiger.opportunity.TestCases.TC_18_CreateOpportunityWithSalesStageProposalOrPriceQuote_Test"/>
</testsuite> <!-- com.crm.vtiger.opportunity.TestCases.TC_18_CreateOpportunityWithSalesStageProposalOrPriceQuote_Test -->
