<?xml version="1.0" encoding="UTF-8"?>
<!-- Generated by org.testng.reporters.JUnitReportReporter -->
<testsuite name="com.crm.vtiger.TestCases.TC_19_CreateOpportunityWithSalesStageNavigationOrReview" tests="1" time="47.298" ignored="0" failures="0" timestamp="02 May 2021 13:14:42 GMT" skipped="0" hostname="LAPTOP-J97AL63E" errors="0">
  <testcase name="createOpportunity_04" time="47.298" classname="com.crm.vtiger.TestCases.TC_19_CreateOpportunityWithSalesStageNavigationOrReview"/>
</testsuite> <!-- com.crm.vtiger.TestCases.TC_19_CreateOpportunityWithSalesStageNavigationOrReview -->
