<?xml version="1.0" encoding="UTF-8"?>
<!-- Generated by org.testng.reporters.JUnitReportReporter -->
<testsuite name="com.crm.vtiger.TestCases.TC_16_CreateOpportunityWithSalesStageIdDecisionMakers_Test" tests="1" time="42.046" ignored="0" failures="0" timestamp="02 May 2021 13:05:31 GMT" skipped="0" hostname="LAPTOP-J97AL63E" errors="0">
  <testcase name="createOpportunity_01" time="42.046" classname="com.crm.vtiger.TestCases.TC_16_CreateOpportunityWithSalesStageIdDecisionMakers_Test"/>
</testsuite> <!-- com.crm.vtiger.TestCases.TC_16_CreateOpportunityWithSalesStageIdDecisionMakers_Test -->
